e:\qtproject\qtguiapplication3\qtguiapplication3\x64\debug\vc141.pdb
e:\qtproject\qtguiapplication3\qtguiapplication3\x64\debug\qrc_qtguiapplication3.obj
e:\qtproject\qtguiapplication3\qtguiapplication3\x64\debug\main.obj
e:\qtproject\qtguiapplication3\qtguiapplication3\x64\debug\moc_qtguiapplication3.obj
e:\qtproject\qtguiapplication3\qtguiapplication3\generatedfiles\debug\moc_qtguiapplication3.cpp
e:\qtproject\qtguiapplication3\qtguiapplication3\generatedfiles\qrc_qtguiapplication3.cpp
e:\qtproject\qtguiapplication3\qtguiapplication3\generatedfiles\ui_qtguiapplication3.h
e:\qtproject\qtguiapplication3\qtguiapplication3\.\generatedfiles\debug\moc_qtguiapplication3.cpp
e:\qtproject\qtguiapplication3\qtguiapplication3\.\generatedfiles\qrc_qtguiapplication3.cpp
e:\qtproject\qtguiapplication3\qtguiapplication3\.\generatedfiles\ui_qtguiapplication3.h
e:\qtproject\qtguiapplication3\qtguiapplication3\x64\debug\qtguiapp.b12702ad.tlog\cl.command.1.tlog
e:\qtproject\qtguiapplication3\qtguiapplication3\x64\debug\qtguiapp.b12702ad.tlog\cl.read.1.tlog
e:\qtproject\qtguiapplication3\qtguiapplication3\x64\debug\qtguiapp.b12702ad.tlog\cl.write.1.tlog
e:\qtproject\qtguiapplication3\qtguiapplication3\x64\debug\qtguiapp.b12702ad.tlog\qtguiapplication3.write.1u.tlog
e:\qtproject\qtguiapplication3\qtguiapplication3\x64\debug\qtguiapp.b12702ad.tlog\qtmoc.read.1u.tlog
e:\qtproject\qtguiapplication3\qtguiapplication3\x64\debug\qtguiapp.b12702ad.tlog\qtmoc.write.1u.tlog
e:\qtproject\qtguiapplication3\qtguiapplication3\x64\debug\qtguiapp.b12702ad.tlog\qtrcc.read.1u.tlog
e:\qtproject\qtguiapplication3\qtguiapplication3\x64\debug\qtguiapp.b12702ad.tlog\qtrcc.write.1u.tlog
e:\qtproject\qtguiapplication3\qtguiapplication3\x64\debug\qtguiapp.b12702ad.tlog\qtuic.read.1u.tlog
e:\qtproject\qtguiapplication3\qtguiapplication3\x64\debug\qtguiapp.b12702ad.tlog\qtuic.write.1u.tlog
